[01m[K/root/data/ros2_ws/src/pose_publisher_plugin/PosePublisher.cpp:5:10:[m[K [01;31m[Kfatal error: [m[Kgz/sim/util.hh: No such file or directory
    5 | #include [01;31m[K<gz/sim/util.hh>[m[K
      |          [01;31m[K^~~~~~~~~~~~~~~~[m[K
compilation terminated.
gmake[2]: *** [CMakeFiles/pose_publisher.dir/build.make:76: CMakeFiles/pose_publisher.dir/PosePublisher.cpp.o] Error 1
gmake[1]: *** [CMakeFiles/Makefile2:83: CMakeFiles/pose_publisher.dir/all] Error 2
gmake: *** [Makefile:91: all] Error 2
